<?xml version="1.0" encoding="UTF-8"?>
<!-- Generated by org.testng.reporters.JUnitReportReporter -->
<testsuite hostname="Lenovo-PC" name="com.vmetry.ntl.testcases.HomePageTest" tests="1" failures="0" timestamp="19 Nov 2017 09:10:44 GMT" time="11.083" errors="0">
  <testcase name="testHomePage" time="11.083" classname="com.vmetry.ntl.testcases.HomePageTest"/>
</testsuite> <!-- com.vmetry.ntl.testcases.HomePageTest -->
