<?xml version="1.0" encoding="UTF-8"?>
<!-- Generated by org.testng.reporters.JUnitReportReporter -->
<testsuite hostname="Lenovo-PC" name="testcases.HomePageTest" tests="3" failures="0" timestamp="8 Nov 2017 06:12:38 GMT" time="48.738" errors="0">
  <testcase name="regtest" time="14.655" classname="testcases.HomePageTest"/>
  <testcase name="regtest" time="12.787" classname="testcases.HomePageTest"/>
  <testcase name="regtest" time="21.296" classname="testcases.HomePageTest"/>
</testsuite> <!-- testcases.HomePageTest -->
