<?xml version="1.0" encoding="UTF-8"?>
<!-- Generated by org.testng.reporters.JUnitReportReporter -->
<testsuite hostname="Lenovo-PC" name="keywordtest.Sampletest" tests="1" failures="0" timestamp="14 Oct 2017 08:45:02 GMT" time="0.015" errors="0">
  <testcase name="logintest" time="0.015" classname="keywordtest.Sampletest"/>
</testsuite> <!-- keywordtest.Sampletest -->
