<?xml version="1.0" encoding="UTF-8"?>
<!-- Generated by org.testng.reporters.JUnitReportReporter -->
<testsuite hostname="Lenovo-PC" name="parametrisationtest.Multidataproviderresolvedtest" tests="6" failures="0" timestamp="12 Nov 2017 18:05:49 GMT" time="0.056" errors="0">
  <testcase name="logintest" time="0.002" classname="parametrisationtest.Multidataproviderresolvedtest"/>
  <testcase name="Bookingtest" time="0.003" classname="parametrisationtest.Multidataproviderresolvedtest"/>
  <testcase name="Bookingtest" time="0.004" classname="parametrisationtest.Multidataproviderresolvedtest"/>
  <testcase name="logintest" time="0.043" classname="parametrisationtest.Multidataproviderresolvedtest"/>
  <testcase name="Bookingtest" time="0.001" classname="parametrisationtest.Multidataproviderresolvedtest"/>
  <testcase name="logintest" time="0.003" classname="parametrisationtest.Multidataproviderresolvedtest"/>
</testsuite> <!-- parametrisationtest.Multidataproviderresolvedtest -->
