<?xml version="1.0" encoding="UTF-8"?>
<!-- Generated by org.testng.reporters.JUnitReportReporter -->
<testsuite hostname="Lenovo-PC" name="keywordtest.Invocationtest" tests="100" failures="0" timestamp="7 Nov 2017 19:03:33 GMT" time="0.173" errors="0">
  <testcase name="logintest" time="0.001" classname="keywordtest.Invocationtest"/>
  <testcase name="logintest" time="0.001" classname="keywordtest.Invocationtest"/>
  <testcase name="logintest" time="0.001" classname="keywordtest.Invocationtest"/>
  <testcase name="logintest" time="0.001" classname="keywordtest.Invocationtest"/>
  <testcase name="logintest" time="0.000" classname="keywordtest.Invocationtest"/>
  <testcase name="logintest" time="0.000" classname="keywordtest.Invocationtest"/>
  <testcase name="logintest" time="0.000" classname="keywordtest.Invocationtest"/>
  <testcase name="logintest" time="0.001" classname="keywordtest.Invocationtest"/>
  <testcase name="logintest" time="0.000" classname="keywordtest.Invocationtest"/>
  <testcase name="logintest" time="0.001" classname="keywordtest.Invocationtest"/>
  <testcase name="logintest" time="0.001" classname="keywordtest.Invocationtest"/>
  <testcase name="logintest" time="0.001" classname="keywordtest.Invocationtest"/>
  <testcase name="logintest" time="0.001" classname="keywordtest.Invocationtest"/>
  <testcase name="logintest" time="0.001" classname="keywordtest.Invocationtest"/>
  <testcase name="logintest" time="0.017" classname="keywordtest.Invocationtest"/>
  <testcase name="logintest" time="0.001" classname="keywordtest.Invocationtest"/>
  <testcase name="logintest" time="0.000" classname="keywordtest.Invocationtest"/>
  <testcase name="logintest" time="0.000" classname="keywordtest.Invocationtest"/>
  <testcase name="logintest" time="0.006" classname="keywordtest.Invocationtest"/>
  <testcase name="logintest" time="0.013" classname="keywordtest.Invocationtest"/>
  <testcase name="logintest" time="0.000" classname="keywordtest.Invocationtest"/>
  <testcase name="logintest" time="0.001" classname="keywordtest.Invocationtest"/>
  <testcase name="logintest" time="0.001" classname="keywordtest.Invocationtest"/>
  <testcase name="logintest" time="0.001" classname="keywordtest.Invocationtest"/>
  <testcase name="logintest" time="0.000" classname="keywordtest.Invocationtest"/>
  <testcase name="logintest" time="0.000" classname="keywordtest.Invocationtest"/>
  <testcase name="logintest" time="0.002" classname="keywordtest.Invocationtest"/>
  <testcase name="logintest" time="0.001" classname="keywordtest.Invocationtest"/>
  <testcase name="logintest" time="0.000" classname="keywordtest.Invocationtest"/>
  <testcase name="logintest" time="0.001" classname="keywordtest.Invocationtest"/>
  <testcase name="logintest" time="0.000" classname="keywordtest.Invocationtest"/>
  <testcase name="logintest" time="0.001" classname="keywordtest.Invocationtest"/>
  <testcase name="logintest" time="0.000" classname="keywordtest.Invocationtest"/>
  <testcase name="logintest" time="0.019" classname="keywordtest.Invocationtest"/>
  <testcase name="logintest" time="0.010" classname="keywordtest.Invocationtest"/>
  <testcase name="logintest" time="0.001" classname="keywordtest.Invocationtest"/>
  <testcase name="logintest" time="0.000" classname="keywordtest.Invocationtest"/>
  <testcase name="logintest" time="0.001" classname="keywordtest.Invocationtest"/>
  <testcase name="logintest" time="0.001" classname="keywordtest.Invocationtest"/>
  <testcase name="logintest" time="0.000" classname="keywordtest.Invocationtest"/>
  <testcase name="logintest" time="0.007" classname="keywordtest.Invocationtest"/>
  <testcase name="logintest" time="0.001" classname="keywordtest.Invocationtest"/>
  <testcase name="logintest" time="0.006" classname="keywordtest.Invocationtest"/>
  <testcase name="logintest" time="0.001" classname="keywordtest.Invocationtest"/>
  <testcase name="logintest" time="0.001" classname="keywordtest.Invocationtest"/>
  <testcase name="logintest" time="0.000" classname="keywordtest.Invocationtest"/>
  <testcase name="logintest" time="0.001" classname="keywordtest.Invocationtest"/>
  <testcase name="logintest" time="0.001" classname="keywordtest.Invocationtest"/>
  <testcase name="logintest" time="0.000" classname="keywordtest.Invocationtest"/>
  <testcase name="logintest" time="0.001" classname="keywordtest.Invocationtest"/>
  <testcase name="logintest" time="0.001" classname="keywordtest.Invocationtest"/>
  <testcase name="logintest" time="0.000" classname="keywordtest.Invocationtest"/>
  <testcase name="logintest" time="0.000" classname="keywordtest.Invocationtest"/>
  <testcase name="logintest" time="0.000" classname="keywordtest.Invocationtest"/>
  <testcase name="logintest" time="0.001" classname="keywordtest.Invocationtest"/>
  <testcase name="logintest" time="0.000" classname="keywordtest.Invocationtest"/>
  <testcase name="logintest" time="0.001" classname="keywordtest.Invocationtest"/>
  <testcase name="logintest" time="0.001" classname="keywordtest.Invocationtest"/>
  <testcase name="logintest" time="0.001" classname="keywordtest.Invocationtest"/>
  <testcase name="logintest" time="0.000" classname="keywordtest.Invocationtest"/>
  <testcase name="logintest" time="0.000" classname="keywordtest.Invocationtest"/>
  <testcase name="logintest" time="0.001" classname="keywordtest.Invocationtest"/>
  <testcase name="logintest" time="0.001" classname="keywordtest.Invocationtest"/>
  <testcase name="logintest" time="0.015" classname="keywordtest.Invocationtest"/>
  <testcase name="logintest" time="0.000" classname="keywordtest.Invocationtest"/>
  <testcase name="logintest" time="0.007" classname="keywordtest.Invocationtest"/>
  <testcase name="logintest" time="0.001" classname="keywordtest.Invocationtest"/>
  <testcase name="logintest" time="0.003" classname="keywordtest.Invocationtest"/>
  <testcase name="logintest" time="0.001" classname="keywordtest.Invocationtest"/>
  <testcase name="logintest" time="0.000" classname="keywordtest.Invocationtest"/>
  <testcase name="logintest" time="0.000" classname="keywordtest.Invocationtest"/>
  <testcase name="logintest" time="0.000" classname="keywordtest.Invocationtest"/>
  <testcase name="logintest" time="0.000" classname="keywordtest.Invocationtest"/>
  <testcase name="logintest" time="0.000" classname="keywordtest.Invocationtest"/>
  <testcase name="logintest" time="0.005" classname="keywordtest.Invocationtest"/>
  <testcase name="logintest" time="0.001" classname="keywordtest.Invocationtest"/>
  <testcase name="logintest" time="0.001" classname="keywordtest.Invocationtest"/>
  <testcase name="logintest" time="0.000" classname="keywordtest.Invocationtest"/>
  <testcase name="logintest" time="0.000" classname="keywordtest.Invocationtest"/>
  <testcase name="logintest" time="0.000" classname="keywordtest.Invocationtest"/>
  <testcase name="logintest" time="0.001" classname="keywordtest.Invocationtest"/>
  <testcase name="logintest" time="0.001" classname="keywordtest.Invocationtest"/>
  <testcase name="logintest" time="0.000" classname="keywordtest.Invocationtest"/>
  <testcase name="logintest" time="0.001" classname="keywordtest.Invocationtest"/>
  <testcase name="logintest" time="0.001" classname="keywordtest.Invocationtest"/>
  <testcase name="logintest" time="0.005" classname="keywordtest.Invocationtest"/>
  <testcase name="logintest" time="0.000" classname="keywordtest.Invocationtest"/>
  <testcase name="logintest" time="0.001" classname="keywordtest.Invocationtest"/>
  <testcase name="logintest" time="0.001" classname="keywordtest.Invocationtest"/>
  <testcase name="logintest" time="0.001" classname="keywordtest.Invocationtest"/>
  <testcase name="logintest" time="0.001" classname="keywordtest.Invocationtest"/>
  <testcase name="logintest" time="0.006" classname="keywordtest.Invocationtest"/>
  <testcase name="logintest" time="0.000" classname="keywordtest.Invocationtest"/>
  <testcase name="logintest" time="0.000" classname="keywordtest.Invocationtest"/>
  <testcase name="logintest" time="0.000" classname="keywordtest.Invocationtest"/>
  <testcase name="logintest" time="0.003" classname="keywordtest.Invocationtest"/>
  <testcase name="logintest" time="0.000" classname="keywordtest.Invocationtest"/>
  <testcase name="logintest" time="0.001" classname="keywordtest.Invocationtest"/>
  <testcase name="logintest" time="0.003" classname="keywordtest.Invocationtest"/>
  <testcase name="logintest" time="0.000" classname="keywordtest.Invocationtest"/>
</testsuite> <!-- keywordtest.Invocationtest -->
