<?xml version="1.0" encoding="UTF-8"?>
<!-- Generated by org.testng.reporters.JUnitReportReporter -->
<testsuite hostname="Lenovo-PC" name="keywordtest.Prioritytest" tests="4" failures="0" timestamp="29 Nov 2017 10:54:45 GMT" time="0.020" errors="0">
  <testcase name="logintest" time="0.001" classname="keywordtest.Prioritytest"/>
  <testcase name="registrationtest" time="0.018" classname="keywordtest.Prioritytest"/>
  <testcase name="bookingtest" time="0.001" classname="keywordtest.Prioritytest"/>
  <testcase name="logouttest" time="0.000" classname="keywordtest.Prioritytest"/>
</testsuite> <!-- keywordtest.Prioritytest -->
