<?xml version="1.0" encoding="UTF-8"?>
<!-- Generated by org.testng.reporters.JUnitReportReporter -->
<testsuite hostname="Lenovo-PC" name="grouptest.Grouping" tests="6" failures="0" timestamp="22 Oct 2017 05:45:08 GMT" time="0.023" errors="0">
  <testcase name="bookingtest" time="0.001" classname="grouptest.Grouping"/>
  <testcase name="logintest" time="0.019" classname="grouptest.Grouping"/>
  <testcase name="logintest" time="0.000" classname="grouptest.Grouping"/>
  <testcase name="canceltest" time="0.001" classname="grouptest.Grouping"/>
  <testcase name="registrationtest" time="0.001" classname="grouptest.Grouping"/>
  <testcase name="bookingtest" time="0.001" classname="grouptest.Grouping"/>
</testsuite> <!-- grouptest.Grouping -->
