<?xml version="1.0" encoding="UTF-8"?>
<!-- Generated by org.testng.reporters.JUnitReportReporter -->
<testsuite hostname="Lenovo-PC" name="parametrisationtest.Multidataprovidertest" tests="6" failures="0" timestamp="12 Nov 2017 18:06:46 GMT" time="0.022" errors="0">
  <testcase name="logintest" time="0.001" classname="parametrisationtest.Multidataprovidertest"/>
  <testcase name="Bookingtest" time="0.001" classname="parametrisationtest.Multidataprovidertest"/>
  <testcase name="logintest" time="0.001" classname="parametrisationtest.Multidataprovidertest"/>
  <testcase name="logintest" time="0.017" classname="parametrisationtest.Multidataprovidertest"/>
  <testcase name="Bookingtest" time="0.001" classname="parametrisationtest.Multidataprovidertest"/>
  <testcase name="Bookingtest" time="0.001" classname="parametrisationtest.Multidataprovidertest"/>
</testsuite> <!-- parametrisationtest.Multidataprovidertest -->
