<?xml version="1.0" encoding="UTF-8"?>
<!-- Generated by org.testng.reporters.JUnitReportReporter -->
<testsuite hostname="Lenovo-PC" name="parametrisationtest.Multitestsingledataprovidertest" tests="6" failures="0" timestamp="12 Nov 2017 18:01:57 GMT" time="0.020" errors="0">
  <testcase name="logintest" time="0.001" classname="parametrisationtest.Multitestsingledataprovidertest"/>
  <testcase name="Bookingtest" time="0.001" classname="parametrisationtest.Multitestsingledataprovidertest"/>
  <testcase name="logintest" time="0.015" classname="parametrisationtest.Multitestsingledataprovidertest"/>
  <testcase name="logintest" time="0.001" classname="parametrisationtest.Multitestsingledataprovidertest"/>
  <testcase name="Bookingtest" time="0.001" classname="parametrisationtest.Multitestsingledataprovidertest"/>
  <testcase name="Bookingtest" time="0.001" classname="parametrisationtest.Multitestsingledataprovidertest"/>
</testsuite> <!-- parametrisationtest.Multitestsingledataprovidertest -->
