<?xml version="1.0" encoding="UTF-8"?>
<!-- Generated by org.testng.reporters.JUnitReportReporter -->
<testsuite hostname="Lenovo-PC" name="paralleltest.Parallelexecutiontest" tests="2" failures="0" timestamp="24 Nov 2017 15:21:13 GMT" time="63.060" errors="0">
  <testcase name="logintest" time="28.387" classname="paralleltest.Parallelexecutiontest"/>
  <testcase name="logintest" time="34.673" classname="paralleltest.Parallelexecutiontest"/>
</testsuite> <!-- paralleltest.Parallelexecutiontest -->
