<?xml version="1.0" encoding="UTF-8"?>
<!-- Generated by org.testng.reporters.JUnitReportReporter -->
<testsuite hostname="Lenovo-PC" name="parametrisationtest.Singledataprovidertest" tests="3" failures="0" timestamp="12 Nov 2017 16:25:01 GMT" time="0.023" errors="0">
  <testcase name="logintest" time="0.002" classname="parametrisationtest.Singledataprovidertest"/>
  <testcase name="logintest" time="0.002" classname="parametrisationtest.Singledataprovidertest"/>
  <testcase name="logintest" time="0.019" classname="parametrisationtest.Singledataprovidertest"/>
</testsuite> <!-- parametrisationtest.Singledataprovidertest -->
